<?xml version="1.0" encoding="UTF-8"?>
<testng-results ignored="0" total="1" passed="1" failed="0" skipped="0">
  <reporter-output>
  </reporter-output>
  <suite started-at="2024-02-25T20:37:00 EST" name="Default suite" finished-at="2024-02-25T20:37:47 EST" duration-ms="46395">
    <groups>
      <group name="cucumber">
        <method signature="AbstractTestNGCucumberTests.feature(cucumber.api.testng.CucumberFeatureWrapper)[pri:0, instance:framework24_Testrun.framework24_Testrun@6392827e]" name="feature" class="cucumber.api.testng.AbstractTestNGCucumberTests"/>
      </group> <!-- cucumber -->
    </groups>
    <test started-at="2024-02-25T20:37:00 EST" name="Default test" finished-at="2024-02-25T20:37:47 EST" duration-ms="46395">
      <class name="framework24_Testrun.framework24_Testrun">
        <test-method is-config="true" signature="SoftWareStartURL()[pri:0, instance:framework24_Testrun.framework24_Testrun@6392827e]" started-at="2024-02-25T20:37:00 EST" name="SoftWareStartURL" finished-at="2024-02-25T20:37:21 EST" duration-ms="21187" status="PASS">
          <reporter-output>
          </reporter-output>
        </test-method> <!-- SoftWareStartURL -->
        <test-method is-config="true" signature="setUpClass()[pri:0, instance:framework24_Testrun.framework24_Testrun@6392827e]" started-at="2024-02-25T20:37:22 EST" name="setUpClass" finished-at="2024-02-25T20:37:23 EST" duration-ms="1294" status="PASS">
          <reporter-output>
          </reporter-output>
        </test-method> <!-- setUpClass -->
        <test-method signature="feature(cucumber.api.testng.CucumberFeatureWrapper)[pri:0, instance:framework24_Testrun.framework24_Testrun@6392827e]" started-at="2024-02-25T20:37:23 EST" name="feature" description="Runs Cucumber Feature" data-provider="features" finished-at="2024-02-25T20:37:46 EST" duration-ms="22486" status="PASS">
          <params>
            <param index="0">
              <value>
                <![CDATA[This is testing feature]]>
              </value>
            </param>
          </params>
          <reporter-output>
          </reporter-output>
        </test-method> <!-- feature -->
        <test-method is-config="true" signature="tearDownClass()[pri:0, instance:framework24_Testrun.framework24_Testrun@6392827e]" started-at="2024-02-25T20:37:46 EST" name="tearDownClass" finished-at="2024-02-25T20:37:46 EST" duration-ms="113" status="PASS">
          <reporter-output>
          </reporter-output>
        </test-method> <!-- tearDownClass -->
        <test-method is-config="true" signature="SoftWareCloseURL()[pri:0, instance:framework24_Testrun.framework24_Testrun@6392827e]" started-at="2024-02-25T20:37:46 EST" name="SoftWareCloseURL" finished-at="2024-02-25T20:37:47 EST" duration-ms="919" status="PASS">
          <reporter-output>
          </reporter-output>
        </test-method> <!-- SoftWareCloseURL -->
      </class> <!-- framework24_Testrun.framework24_Testrun -->
    </test> <!-- Default test -->
  </suite> <!-- Default suite -->
</testng-results>
